\BOOKMARK [0][-]{chapter*.1}{\376\377\122\115\212\000}{}% 1
\BOOKMARK [0][-]{chapter.1}{\376\377\177\244}{}% 2
\BOOKMARK [1][-]{section.1.1}{\376\377\123\112\177\244\116\016\177\244}{chapter.1}% 3
\BOOKMARK [2][-]{section*.3}{\376\377\213\376\124\016\116\140\230\230\173\124\150\110}{section.1.1}% 4
\BOOKMARK [1][-]{section.1.2}{\376\377\133\120\177\244\116\016\226\152\226\306}{chapter.1}% 5
\BOOKMARK [2][-]{subsection.1.2.1}{\376\377\177\244\166\204\116\244\226\306\116\072\133\120\177\244}{section.1.2}% 6
\BOOKMARK [2][-]{subsection.1.2.2}{\376\377\133\232\164\006\0001\000.\0002\000.\0002\0002\166\204\143\250\213\272\000:\202\345\177\244\000\040\000G\000\040\166\204\226\066\116\072\175\040\145\160\000\040\000p\377\014\122\031\000\040\000G\123\352\147\011\136\163\121\341\133\120\177\244\377\014\116\316\200\014\116\137\146\057\123\125\177\244\060\002}{section.1.2}% 7
\BOOKMARK [2][-]{subsection.1.2.3}{\376\377\000K\000l\000e\000i\000n\126\333\121\103\177\244\166\204\140\047\215\050}{section.1.2}% 8
\BOOKMARK [2][-]{subsection.1.2.4}{\376\377\133\120\177\244\116\130\171\357\166\204\226\066\121\154\137\017}{section.1.2}% 9
\BOOKMARK [2][-]{subsection.1.2.4}{\376\377\213\376\124\016\116\140\230\230\173\124\150\110}{section.1.2}% 10
\BOOKMARK [1][-]{section.1.3}{\376\377\153\143\211\304\133\120\177\244\116\016\125\106\177\244}{chapter.1}% 11
\BOOKMARK [2][-]{subsection.1.3.1}{\376\377\143\007\145\160\116\072\000\040\0002\000\040\166\204\133\120\177\244\137\305\116\072\153\143\211\304\133\120\177\244}{section.1.3}% 12
\BOOKMARK [2][-]{subsection.1.3.2}{\376\377\153\143\211\304\123\026\133\120\000\050\000N\000o\000r\000m\000a\000l\000i\000z\000e\000r\000\051}{section.1.3}% 13
\BOOKMARK [2][-]{subsection.1.3.3}{\376\377\202\345\000\040\000N\000G\000\040\116\024\000\040\000H\000G\377\014\122\031\000H\000N\000\040\000=\000\040\000N\000H}{section.1.3}% 14
\BOOKMARK [2][-]{subsection.1.3.4}{\376\377\202\345\000\040\000|\000G\000|\000=\000p\377\010\000p\000\040\116\072\175\040\145\160\377\011\377\014\122\031\000\040\000G\000.\0005\000-\000.\0005\000.\0005\000-\000.\0005\000.\0005\000-\000.\0005\000.\0005\000-\000.\0005\000Z\000/\000p\000Z}{section.1.3}% 15
\BOOKMARK [2][-]{subsection.1.3.4}{\376\377\213\376\124\016\116\140\230\230\173\124\150\110}{section.1.3}% 16
\BOOKMARK [1][-]{section.1.4}{\376\377\177\244\166\204\124\014\140\001\116\016\124\014\147\204}{chapter.1}% 17
\BOOKMARK [2][-]{subsection.1.4.1}{\376\377\133\232\164\006\0001\000.\0004\000.\0002\0001\166\204\143\250\213\272}{section.1.4}% 18
\BOOKMARK [2][-]{subsection.1.4.2}{\376\377\226\066\116\072\000\040\0004\000\040\166\204\177\244\123\352\147\011\116\044\171\315\124\014\147\204\174\173\127\213}{section.1.4}% 19
\BOOKMARK [2][-]{subsection.1.4.2}{\376\377\213\376\124\016\116\140\230\230\173\124\150\110}{section.1.4}% 20
\BOOKMARK [1][-]{section.1.5}{\376\377\137\252\163\257\177\244}{chapter.1}% 21
\BOOKMARK [2][-]{subsection.1.5.1}{\376\377\147\011\226\120\137\252\163\257\177\244\121\103\175\040\166\370\173\111\166\204\122\044\122\053\145\271\137\017}{section.1.5}% 22
\BOOKMARK [2][-]{subsection.1.5.2}{\376\377\137\252\163\257\177\244\116\055\121\163\116\216\136\102\166\204\226\066\166\204\127\372\147\054\133\232\164\006}{section.1.5}% 23
\BOOKMARK [2][-]{subsection.1.5.3}{\376\377\000\040\133\371\116\373\141\017\000\040\000s\000i\000u\000n\000i\000t\000x\000u\000n\000i\000t\000-\000d\000e\000p\000r\000e\000c\000a\000t\000e\000d\bar\000b\000a\000r\000b\000a\000r\000a\000Z\000n\000,\000\040\147\011\000|\000s\000i\000u\000n\000i\000t\000x\000u\000n\000i\000t\000-\000d\000e\000p\000r\000e\000c\000a\000t\000e\000d\bar\000b\000a\000r\000b\000a\000r\000a\000|\000=\000n\000\050\000a\000,\000n\000\051\000.}{section.1.5}% 24
\BOOKMARK [2][-]{subsection.1.5.3}{\376\377\213\376\124\016\116\140\230\230\173\124\150\110}{section.1.5}% 25
\BOOKMARK [1][-]{section.1.6}{\376\377\133\371\171\360\177\244\116\016\116\244\225\031\177\244}{chapter.1}% 26
\BOOKMARK [2][-]{subsection.1.6.1}{\376\377\000r\000-\217\156\143\142\166\204\226\066\116\000\133\232\116\072\000r}{section.1.6}% 27
\BOOKMARK [2][-]{subsection.1.6.2}{\376\377\133\232\164\006\0001\000.\0006\000.\0004\166\204\143\250\213\272\377\032\177\156\143\142\166\204\226\066\166\204\213\241\173\227}{section.1.6}% 28
\BOOKMARK [2][-]{subsection.1.6.3}{\376\377\000A\000n\000\040\146\057\000\040\000S\000n\000\040\116\055\125\057\116\000\166\204\143\007\145\160\116\072\000\040\0002\000\040\166\204\153\143\211\304\133\120\177\244}{section.1.6}% 29
\BOOKMARK [2][-]{subsection.1.6.4}{\376\377\133\371\171\360\177\244\000\040\000S\000p\000\040\116\055\377\014\202\345\177\156\143\142\000\040\000\040\166\204\226\066\116\072\000p\377\014\122\031\000\040\000\040\146\057\116\000\116\052\000\040\000p\000-\217\156\143\142}{section.1.6}% 30
\BOOKMARK [2][-]{subsection.1.6.5}{\376\377\000S\000n\000\040\166\204\201\352\124\014\147\204\177\244\000\040\000A\000u\000t\000\050\000S\000n\000\051}{section.1.6}% 31
\BOOKMARK [2][-]{subsection.1.6.6}{\376\377\000S\0003\166\204\140\047\215\050}{section.1.6}% 32
\BOOKMARK [2][-]{subsection.1.6.7}{\376\377\000S\0004\000\040\166\204\227\136\136\163\121\341\153\143\211\304\133\120\177\244\123\352\147\011\000A\0004\000\040\000\040\124\214\000\040\000V\0004}{section.1.6}% 33
\BOOKMARK [2][-]{subsection.1.6.8}{\376\377\173\046\123\367\124\014\140\001\116\016\116\244\153\143\211\304}{section.1.6}% 34
\BOOKMARK [2][-]{subsection.1.6.8}{\376\377\213\376\124\016\116\140\230\230\173\124\150\110}{section.1.6}% 35
\BOOKMARK [1][-]{section.1.7}{\376\377\177\244\166\204\142\151\137\040\116\016\000\040\000J\000o\000h\000n\040\023\000H\000\366\000l\000d\000e\000r\000\040\133\232\164\006}{chapter.1}% 36
\BOOKMARK [2][-]{subsection.1.7.1}{\376\377\000P\0003\0008\230\165\210\150\150\074}{section.1.7}% 37
\BOOKMARK [2][-]{subsection.1.7.2}{\376\377\117\213\000\040\0001\000.\0007\000.\0005\000\040\116\055\126\333\147\141\176\323\213\272\166\204\213\301\146\016}{section.1.7}% 38
\BOOKMARK [2][-]{subsection.1.7.3}{\376\377\137\025\164\006\0001\000.\0007\000.\0006}{section.1.7}% 39
\BOOKMARK [2][-]{subsection.1.7.4}{\376\377\166\364\171\357\116\016\123\112\166\364\171\357}{section.1.7}% 40
\BOOKMARK [2][-]{subsection.1.7.4}{\376\377\213\376\124\016\116\140\230\230\173\124\150\110}{section.1.7}% 41
\BOOKMARK [1][-]{section.1.8}{\376\377\123\357\211\343\177\244\124\214\136\102\226\366\177\244}{chapter.1}% 42
\BOOKMARK [2][-]{section*.7}{\376\377\213\376\124\016\116\140\230\230\173\124\150\110}{section.1.8}% 43
\BOOKMARK [1][-]{section.1.9}{\376\377\177\244\127\050\226\306\124\010\116\012\166\204\117\134\165\050}{chapter.1}% 44
\BOOKMARK [2][-]{subsection.1.9.1}{\376\377\117\213\0001\000.\0009\000.\0001\0002\166\204\000\050\0001\000\051}{section.1.9}% 45
\BOOKMARK [2][-]{subsection.1.9.2}{\376\377\000P\0005\0003\166\204\173\054\116\000\153\265}{section.1.9}% 46
\BOOKMARK [2][-]{subsection.1.9.3}{\376\377\123\352\211\201\000\040\000G\127\050\000\040\000|\000X\000|\000>\0001\000\040\166\204\226\306\124\010\116\012\117\134\165\050\146\057\123\357\220\022\166\204\377\014\134\061\116\015\123\357\200\375\146\057\136\163\121\341\117\134\165\050\377\014\126\340\153\144\213\361\133\374\124\014\140\001\000\040\000G\000S\000X\000\040\227\136\136\163\121\341\377\014\116\015\123\357\200\375\173\111\116\216\145\164\116\052\000\040\000G\000,\116\137\123\163\146\057\000I\000m\000\040\000=\000\173\000e\000\175\000\040\060\002\000\040}{section.1.9}% 47
\BOOKMARK [2][-]{subsection.1.9.3}{\376\377\213\376\124\016\116\140\230\230\173\124\150\110}{section.1.9}% 48
\BOOKMARK [1][-]{section.1.10}{\376\377\000S\000y\000l\000o\000w\000\040\133\232\164\006}{chapter.1}% 49
\BOOKMARK [2][-]{subsection.1.10.1}{\376\377\000C\000a\000y\000c\000h\000y\133\232\164\006\166\204\143\250\213\272\377\032\202\345\177\244\000\040\000G\000\040\166\204\226\066\116\072\175\040\145\160\000\040\000p\377\014\122\031\000\040\000G\000\040\146\057\137\252\163\257\177\244\377\014\116\024\165\061\116\373\116\000\227\136\123\125\117\115\121\103\165\037\142\020\060\002}{section.1.10}% 50
\BOOKMARK [2][-]{subsection.1.10.2}{\376\377\000\040\000P\000\040\146\057\116\000\116\052\000\040\000p\000-\177\244\000,\122\031\133\371\116\373\141\017\227\136\123\125\117\115\121\103\000\040\000x\000P\377\014\121\166\226\066\116\072\000|\000x\000|\000\040\000=\000\040\000p\000k}{section.1.10}% 51
\BOOKMARK [2][-]{subsection.1.10.3}{\376\377\140\035\200\003\230\230\0001\000.\0001\0000\000.\0007}{section.1.10}% 52
\BOOKMARK [2][-]{subsection.1.10.4}{\376\377\133\232\164\006\0001\000.\0001\0000\000.\0005\133\232\164\006\166\204\213\346\176\306\213\301\146\016}{section.1.10}% 53
\BOOKMARK [2][-]{subsection.1.10.5}{\376\377\000S\000y\000l\000o\000w\000\040\000p\000-\133\120\177\244\166\204\173\111\116\367\124\175\230\230}{section.1.10}% 54
\BOOKMARK [2][-]{subsection.1.10.6}{\376\377\000H\117\134\165\050\127\050\000G\000/\000H\116\012\166\204\140\047\215\050}{section.1.10}% 55
\BOOKMARK [2][-]{subsection.1.10.7}{\376\377\000G\000\040\166\204\142\100\147\011\000\040\000S\000y\000l\000o\000w\000\040\000p\000-\133\120\177\244\140\160\131\175\146\057\000\040\000P\000\040\127\050\121\161\217\155\117\134\165\050\116\013\166\204\217\150\220\123}{section.1.10}% 56
\BOOKMARK [2][-]{subsection.1.10.8}{\376\377\116\044\116\052\116\015\124\014\166\204\000\040\000S\000y\000l\000o\000w\000-\000p\000\040\133\120\177\244\123\352\147\011\127\050\226\066\116\072\000\040\000p\000\050\200\014\116\015\146\057\000\040\000p\000k\000,\000\040\000k\0002\145\366\000\051\377\014\121\166\116\244\226\306\137\305\116\072\000\040\000e\060\002\000\040}{section.1.10}% 57
\BOOKMARK [2][-]{subsection.1.10.9}{\376\377\000S\000y\000l\000o\000w\000\040\000p\000-\133\120\177\244\116\055\121\103\175\040\226\066\166\204\140\047\215\050}{section.1.10}% 58
\BOOKMARK [2][-]{subsection.1.10.9}{\376\377\213\376\124\016\116\140\230\230\173\124\150\110}{section.1.10}% 59
\BOOKMARK [0][-]{chapter.2}{\376\377\163\257}{}% 60
\BOOKMARK [1][-]{section.2.1}{\376\377\163\257\166\204\133\232\116\111\116\016\127\372\147\054\140\047\215\050}{chapter.2}% 61
\BOOKMARK [2][-]{subsection.2.1.1}{\376\377\140\035\200\003\230\230\0002\000.\0001\000.\0002}{section.2.1}% 62
\BOOKMARK [2][-]{subsection.2.1.2}{\376\377\000Z\000[\000m\000]\146\057\145\164\163\257}{section.2.1}% 63
\BOOKMARK [2][-]{subsection.2.1.3}{\376\377\166\370\133\371\203\003\145\160\000/\116\343\145\160\203\003\145\160}{section.2.1}% 64
\BOOKMARK [2][-]{subsection.2.1.4}{\376\377\124\175\230\230\0002\000.\0001\000.\0009}{section.2.1}% 65
\BOOKMARK [2][-]{subsection.2.1.4}{\376\377\213\376\124\016\116\140\230\230\173\124\150\110}{section.2.1}% 66
\BOOKMARK [1][-]{section.2.2}{\376\377\164\006\140\363\116\016\125\106\163\257}{chapter.2}% 67
\BOOKMARK [2][-]{subsection.2.2.1}{\376\377\145\164\145\160\127\117\166\204\116\373\117\125\227\136\226\366\133\120\127\117\116\000\133\232\137\142\131\202\000m\000Z}{section.2.2}% 68
\BOOKMARK [2][-]{subsection.2.2.2}{\376\377\000Z\000p\000\040\000\040\146\057\127\337\000\040\000-\0003\000m\000u\000\040\000p\000\040\000\040\116\072\175\040\145\160}{section.2.2}% 69
\BOOKMARK [2][-]{subsection.2.2.3}{\376\377\140\035\200\003\230\230\000\040\0002\000.\0002\000.\0006\000.}{section.2.2}% 70
\BOOKMARK [2][-]{subsection.2.2.4}{\376\377\140\035\200\003\230\230\0002\000.\0002\000.\0008}{section.2.2}% 71
\BOOKMARK [2][-]{subsection.2.2.5}{\376\377\136\172\121\103\116\016\116\244\143\142\140\047\166\204\176\347\142\177}{section.2.2}% 72
\BOOKMARK [2][-]{subsection.2.2.6}{\376\377\140\035\200\003\230\230\0002\000.\0002\000.\0001\0002}{section.2.2}% 73
\BOOKMARK [2][-]{subsection.2.2.7}{\376\377\127\050\116\244\143\142\136\172\163\257\116\055\165\061\000\040\000S\000\040\165\037\142\020\166\204\164\006\140\363\166\204\137\142\137\017\000.}{section.2.2}% 74
\BOOKMARK [2][-]{subsection.2.2.8}{\376\377\145\164\163\257\116\055\377\014\000a\000b\000\040\000\040\000-\0003\000m\000u\000\040\000b\000a}{section.2.2}% 75
\BOOKMARK [2][-]{subsection.2.2.9}{\376\377\124\053\147\011\123\357\220\006\121\103\166\204\136\172\163\257\166\204\164\006\140\363\137\305\146\057\136\172\163\257\147\054\216\253}{section.2.2}% 76
\BOOKMARK [2][-]{subsection.2.2.10}{\376\377\133\371\116\216\145\164\163\257\116\055\166\204\116\373\117\125\227\136\123\357\220\006\121\103\000a\377\014\000a\137\305\146\057\227\136\136\163\121\341\164\006\140\363}{section.2.2}% 77
\BOOKMARK [2][-]{subsection.2.2.10}{\376\377\213\376\124\016\116\140\230\230\173\124\150\110}{section.2.2}% 78
\BOOKMARK [1][-]{section.2.3}{\376\377\126\333\121\103\145\160\117\123}{chapter.2}% 79
\BOOKMARK [1][-]{section.2.4}{\376\377\163\257\166\204\124\014\140\001}{chapter.2}% 80
\BOOKMARK [2][-]{subsection.2.4.1}{\376\377\000:\000\040\000R\0001\000\040\000R\0002\000\040\116\072\163\257\124\014\140\001\000\050\116\024\116\015\146\057\226\366\124\014\140\001\000\051\377\014\121\166\116\055\000\040\000R\0001\000\040\116\072\136\172\163\257\377\014\000R\0002\000\040\116\072\145\164\163\257\377\014\122\031\000I\000m\000\040\146\057\145\164\163\257}{section.2.4}% 81
\BOOKMARK [2][-]{subsection.2.4.2}{\376\377\116\044\116\052\145\164\163\257\124\014\147\204\377\014\122\031\133\371\136\224\166\204\122\006\137\017\127\337\124\014\147\204}{section.2.4}% 82
\BOOKMARK [2][-]{subsection.2.4.2}{\376\377\213\376\124\016\116\140\230\230\173\124\150\110}{section.2.4}% 83
\BOOKMARK [1][-]{section.2.5}{\376\377\145\164\163\257\116\012\166\204\126\340\133\120\122\006\211\343}{chapter.2}% 84
\BOOKMARK [2][-]{subsection.2.5.1}{\376\377\145\164\226\144\166\204\140\047\215\050}{section.2.5}% 85
\BOOKMARK [2][-]{subsection.2.5.2}{\376\377\000\040\000Z\000[\000-\0001\000]\166\204\123\125\117\115\177\244\116\072\377\032\000\040\000\173\0001\000,\000-\0001\000,\000-\0001\000,\000-\000-\0001\000\175\000.\000\040\000\040}{section.2.5}% 86
\BOOKMARK [2][-]{subsection.2.5.3}{\376\377\117\213\0002\000.\0005\000.\0004\166\204\213\346\176\306\213\301\146\016\116\345\123\312\203\003\145\160\166\204\210\145\121\105}{section.2.5}% 87
\BOOKMARK [2][-]{subsection.2.5.4}{\376\377\140\035\200\003\230\230\0002\000.\0005\000.\0005}{section.2.5}% 88
\BOOKMARK [2][-]{subsection.2.5.5}{\376\377\000R\000\040\116\072\116\244\143\142\136\172\163\257\377\014\000u\000R\000\040\116\072\123\125\117\115\377\014\116\073\164\006\140\363\000\040\000u\000=\000\040\000R}{section.2.5}% 89
\BOOKMARK [2][-]{subsection.2.5.6}{\376\377\000R\000\040\116\072\145\164\163\257\377\014\000\040\000a\000b\377\014\116\073\164\006\140\363\000\040\000a\000=\000b}{section.2.5}% 90
\BOOKMARK [2][-]{subsection.2.5.6}{\376\377\213\376\124\016\116\140\230\230\173\124\150\110}{section.2.5}% 91
\BOOKMARK [1][-]{section.2.6}{\376\377\175\040\164\006\140\363\116\016\147\201\131\047\164\006\140\363}{chapter.2}% 92
\BOOKMARK [2][-]{subsection.2.6.1}{\376\377\140\035\200\003\230\230\0002\000.\0006\000.\0004}{section.2.6}% 93
\BOOKMARK [2][-]{subsection.2.6.2}{\376\377\140\035\200\003\230\230\0002\000.\0006\000.\0001\0003}{section.2.6}% 94
\BOOKMARK [2][-]{subsection.2.6.3}{\376\377\000\040\000R\000\040\116\072\145\164\163\257\000,\202\345\116\073\164\006\140\363\000\040\000p\000\040\116\072\175\040\164\006\140\363\377\014\122\031\000\040\000p\000\040\146\057\116\015\123\357\176\246\121\103}{section.2.6}% 95
\BOOKMARK [2][-]{subsection.2.6.4}{\376\377\213\276\000\040\000R\000\040\116\072\116\244\143\142\136\172\163\257\377\014\000p\000R\060\002\000\040\122\031\000p\000\040\000\040\116\072\175\040\121\103\000\040\000-\0003\000m\000u\000\040\000p\000\040\116\072\175\040\164\006\140\363}{section.2.6}% 96
\BOOKMARK [2][-]{subsection.2.6.5}{\376\377\127\050\116\244\143\142\136\172\163\257\000\040\000R\000\040\116\055\377\014\153\317\116\052\147\201\131\047\164\006\140\363\220\375\146\057\175\040\164\006\140\363}{section.2.6}% 97
\BOOKMARK [2][-]{subsection.2.6.5}{\376\377\213\376\124\016\116\140\230\230\173\124\150\110}{section.2.6}% 98
\BOOKMARK [1][-]{section.2.7}{\376\377\116\073\164\006\140\363\145\164\163\257\116\016\153\047\121\340\221\314\137\227\163\257}{chapter.2}% 99
\BOOKMARK [2][-]{subsection.2.7.1}{\376\377\140\035\200\003\230\230\0002\000.\0007\000.\0004}{section.2.7}% 100
\BOOKMARK [2][-]{subsection.2.7.2}{\376\377\117\213\0002\000.\0007\000.\0001\0003}{section.2.7}% 101
\BOOKMARK [2][-]{subsection.2.7.3}{\376\377\127\050\116\073\164\006\140\363\145\164\163\257\116\055\377\014\000p\000R\000\040\116\072\227\136\226\366\227\136\123\125\117\115\377\014\122\031\000p\000\040\147\201\131\047\000\040\000-\0003\000m\000u\000\040\000p\000\040\175\040\000\040\000-\0003\000m\000u\000\040\000p\000\040\000\040\116\015\123\357\176\246\000-\0003\000m\000u\000p\000\040\000\040\116\072\175\040\121\103}{section.2.7}% 102
\BOOKMARK [2][-]{subsection.2.7.3}{\376\377\213\376\124\016\116\140\230\230\173\124\150\110}{section.2.7}% 103
\BOOKMARK [1][-]{section.2.8}{\376\377\163\257\116\012\166\204\131\032\230\171\137\017}{chapter.2}% 104
\BOOKMARK [2][-]{subsection.2.8.1}{\376\377\124\175\230\230\0002\000.\0008\000.\0001}{section.2.8}% 105
\BOOKMARK [2][-]{subsection.2.8.2}{\376\377\000\040\000R\000\040\116\072\145\164\163\257\377\014\000f\000,\000g\000R\000[\000x\000]\377\014\000\040\000f\000=\0000\000\040\116\024\000\040\000g\000=\0000\000\040\000,\122\031\000\050\000f\000g\000\051\000=\000f\000+\000g}{section.2.8}% 106
\BOOKMARK [2][-]{subsection.2.8.3}{\376\377\140\035\200\003\230\230\0002\000.\0008\000.\0002}{section.2.8}% 107
\BOOKMARK [2][-]{subsection.2.8.4}{\376\377\140\035\200\003\230\230\0002\000.\0008\000.\0003}{section.2.8}% 108
\BOOKMARK [2][-]{subsection.2.8.5}{\376\377\000R\000\040\116\072\145\164\163\257\377\014\122\031\131\032\230\171\137\017\163\257\000\040\000R\000[\000x\000]\000\040\116\246\116\072\145\164\163\257}{section.2.8}% 109
\BOOKMARK [2][-]{subsection.2.8.6}{\376\377\000R\000[\000a\000]\000\040\146\057\000\040\000R\0001\000\040\116\055\123\005\124\053\000\040\000R\000\040\123\312\000\040\000a\000\040\166\204\147\000\134\017\133\120\163\257}{section.2.8}% 110
\BOOKMARK [2][-]{subsection.2.8.7}{\376\377\000t\000i\000t\000l\000e}{section.2.8}% 111
\BOOKMARK [2][-]{subsection.2.8.7}{\376\377\213\376\124\016\116\140\230\230\173\124\150\110}{section.2.8}% 112
\BOOKMARK [1][-]{section.2.9}{\376\377\145\164\163\257\116\012\166\204\131\032\230\171\137\017\163\257}{chapter.2}% 113
\BOOKMARK [2][-]{subsection.2.9.1}{\376\377\133\232\164\006\0002\000.\0009\000.\0004\166\204\213\301\146\016}{section.2.9}% 114
\BOOKMARK [2][-]{subsection.2.9.2}{\376\377\133\232\164\006\0002\000.\0009\000.\0004\166\204\143\250\213\272\377\032\127\337\116\012\166\204\131\032\230\171\137\017\226\144\154\325}{section.2.9}% 115
\BOOKMARK [2][-]{subsection.2.9.3}{\376\377\000F\000\040\116\072\127\337\377\014\122\031\131\032\230\171\137\017\163\257\000\040\000F\000[\000x\000]\000\040\146\057\153\047\121\340\221\314\137\227\163\257\377\014\116\316\200\014\146\057\116\073\164\006\140\363\145\164\163\257\124\214\125\057\116\000\122\006\211\343\145\164\163\257}{section.2.9}% 116
\BOOKMARK [2][-]{subsection.2.9.4}{\376\377\147\054\123\237\122\006\211\343\166\204\166\370\117\064\125\057\116\000\140\047}{section.2.9}% 117
\BOOKMARK [2][-]{subsection.2.9.5}{\376\377\127\337\124\014\140\001\213\361\133\374\166\204\163\257\124\014\140\001}{section.2.9}% 118
\BOOKMARK [2][-]{subsection.2.9.5}{\376\377\213\376\124\016\116\140\230\230\173\124\150\110}{section.2.9}% 119
\BOOKMARK [1][-]{section.2.10}{\376\377\133\371\171\360\131\032\230\171\137\017}{chapter.2}% 120
\BOOKMARK [2][-]{subsection.2.10.1}{\376\377\000i\000=\0001\000n\000\040\000\050\000x\000-\000i\000\051\166\204\174\373\145\160\116\072\133\371\171\360\131\032\230\171\137\017}{section.2.10}% 121
\BOOKMARK [2][-]{subsection.2.10.1}{\376\377\213\376\124\016\116\140\230\230\173\124\150\110}{section.2.10}% 122
\BOOKMARK [0][-]{chapter.3}{\376\377\152\041}{}% 123
\BOOKMARK [0][-]{chapter.4}{\376\377\127\337}{}% 124
\BOOKMARK [1][-]{section.4.1}{\376\377\127\337\166\204\127\372\147\054\151\202\137\365}{chapter.4}% 125
\BOOKMARK [2][-]{subsection.4.1.1}{\376\377\137\025\164\006\000\040\0004\000.\0001\000.\0002}{section.4.1}% 126
\BOOKMARK [2][-]{subsection.4.1.2}{\376\377\135\114\121\145}{section.4.1}% 127
\BOOKMARK [2][-]{subsection.4.1.3}{\376\377\000P\0001\0005\0006\230\165\232\214\213\301\000s\000i\000u\000n\000i\000t\000x\000u\000n\000i\000t\000-\000d\000e\000p\000r\000e\000c\000a\000t\000e\000d\bar\000b\000a\000r\000b\000a\000r\000\040\166\204\133\232\116\111\124\010\164\006}{section.4.1}% 128
\BOOKMARK [2][-]{subsection.4.1.4}{\376\377\133\232\164\006\0004\000.\0001\000.\0001\0001}{section.4.1}% 129
\BOOKMARK [2][-]{subsection.4.1.5}{\376\377\116\373\141\017\127\337\166\204\175\040\127\337\220\375\146\057\165\061\136\172\121\103\000\040\0001\000\040\166\204\145\164\145\160\120\015\123\312\121\166\137\305\211\201\166\204\220\006\121\103\165\037\142\020\166\204\147\000\134\017\133\120\127\337\377\014\136\166\116\024\116\373\117\125\127\337\124\014\140\001\220\375\117\032\127\050\175\040\127\337\116\012\201\352\122\250\213\361\133\374\121\372\116\000\116\052\124\014\147\204\060\002}{section.4.1}% 130
\BOOKMARK [2][-]{subsection.4.1.6}{\376\377\127\337\124\014\140\001\142\212\165\061\121\103\175\040\165\037\142\020\166\204\124\010\127\337\220\001\122\060\165\061\120\317\165\037\142\020\166\204\124\010\127\337}{section.4.1}% 131
\BOOKMARK [2][-]{subsection.4.1.6}{\376\377\213\376\124\016\116\140\230\230\173\124\150\110}{section.4.1}% 132
\BOOKMARK [1][-]{section.4.2}{\376\377\116\343\145\160\142\151\137\040}{chapter.4}% 133
\BOOKMARK [2][-]{subsection.4.2.1}{\376\377\136\070\165\050\166\204\116\000\116\052\124\014\147\204}{section.4.2}% 134
\BOOKMARK [2][-]{subsection.4.2.2}{\376\377\000I\000r\000r\000\050\000,\000F\000\051\000\040\116\000\133\232\145\164\226\144\116\373\141\017\156\341\215\263\000\040\000f\000\050\000\051\000=\0000\000\040\166\204\000\040\000f\000\050\000x\000\051\000F\000[\000x\000]}{section.4.2}% 135
\BOOKMARK [2][-]{subsection.4.2.3}{\376\377\145\340\213\272\000\040\000\040\146\057\000\040\000F\000\040\116\012\166\204\116\343\145\160\121\103\217\330\146\057\215\205\215\212\121\103\377\014\220\375\147\011\000\040\000F\000\050\000\051\000=\000F\000r\000a\000c\000\050\000t\000o\000.\000F\000[\000]\000\051\000t\000o\000.\000.\000\040\000\050\116\146\147\054\000P\0001\0006\0000\230\165\000\051}{section.4.2}% 136
\BOOKMARK [2][-]{subsection.4.2.4}{\376\377\000\040\215\205\215\212\116\216\000\040\000F\377\014\122\031\000F\000r\000a\000c\000\050\000F\000[\000]\000\051\000.\0005\000-\000.\0005\000.\0005\000-\000.\0005\000.\0005\000-\000.\0005\000.\0005\000-\000.\0005\000F\000\040\000F\000r\000a\000c\000\050\000F\000[\000x\000]\000\051\000:\000-\0001\000.\0002\000m\000u\000=\000F\000\050\000x\000\051\000.}{section.4.2}% 137
\BOOKMARK [2][-]{subsection.4.2.5}{\376\377\133\232\164\006\0004\000.\0002\000.\0001\0003}{section.4.2}% 138
\BOOKMARK [2][-]{subsection.4.2.6}{\376\377\147\011\226\120\142\151\137\040\166\204\147\011\226\120\165\037\142\020\140\047}{section.4.2}% 139
\BOOKMARK [2][-]{subsection.4.2.7}{\376\377\213\276\000\040\000F\000\040\116\072\127\337\377\014\000f\000\050\000x\000\051\000F\000[\000x\000]\000\040\116\072\116\015\123\357\176\246\131\032\230\171\137\017\000,\000\040\000F\000[\000x\000]\000/\000f\000\050\000x\000\051\146\057\000\040\000F\000\040\166\204\116\000\116\052\116\343\145\160\142\151\137\040}{section.4.2}% 140
\BOOKMARK [2][-]{subsection.4.2.8}{\376\377\000[\000F\000\050\0001\000,\0002\000,\040\046\000,\000m\000\051\000:\000F\000]\166\204\213\241\173\227}{section.4.2}% 141
\BOOKMARK [2][-]{subsection.4.2.9}{\376\377\116\343\145\160\142\151\137\040\124\214\215\205\215\212\142\151\137\040\166\204\153\041\145\160}{section.4.2}% 142
\BOOKMARK [2][-]{subsection.4.2.10}{\376\377\000[\000Q\000\050\000\051\000:\000Q\000]\000=\0002\377\010\116\214\153\041\123\125\116\343\145\160\142\151\137\040\377\011\166\204\176\337\116\000\137\142\137\017}{section.4.2}% 143
\BOOKMARK [2][-]{subsection.4.2.11}{\376\377\124\010\127\337\153\041\145\160\121\154\137\017}{section.4.2}% 144
\BOOKMARK [2][-]{subsection.4.2.12}{\376\377\213\241\173\227\000\040\000[\000F\000\050\0001\000,\0002\000,\040\046\000,\000m\000\051\000:\000F\000]}{section.4.2}% 145
\BOOKMARK [2][-]{subsection.4.2.13}{\376\377\123\125\116\343\145\160\142\151\137\040\000\040\000F\000\050\000\051\000\040\166\204\116\011\171\315\173\111\116\367\137\142\137\017}{section.4.2}% 146
\BOOKMARK [3][-]{section*.19}{\376\377\000\050\0001\000\051\000\040\165\037\142\020\137\017\377\010\147\000\142\275\214\141\166\204\133\232\116\111\377\011}{subsection.4.2.13}% 147
\BOOKMARK [3][-]{section*.19}{\376\377\000\050\0002\000\051\000\040\131\032\230\171\137\017\120\074\137\142\137\017\377\010\116\343\145\160\121\103\145\366\000F\000\050\000\051\000=\000F\000[\000]\377\011}{subsection.4.2.13}% 148
\BOOKMARK [3][-]{section*.19}{\376\377\000\050\0003\000\051\000\040\127\372\377\010\176\277\140\047\172\172\225\364\377\011\137\142\137\017\377\010\147\000\136\070\165\050\166\204\150\007\121\306\210\150\171\072\377\011}{subsection.4.2.13}% 149
\BOOKMARK [2][-]{subsection.4.2.14}{\376\377\122\044\145\255\000F\000\050\000a\0001\000,\000a\0002\000,\040\046\000\051\146\057\124\046\116\072\116\343\145\160\142\151\137\040}{section.4.2}% 150
\BOOKMARK [2][-]{subsection.4.2.14}{\376\377\213\376\124\016\116\140\230\230\173\124\150\110}{section.4.2}% 151
\BOOKMARK [1][-]{section.4.3}{\376\377\134\072\211\304\117\134\126\376}{chapter.4}% 152
\BOOKMARK [2][-]{section*.27}{\376\377\213\376\124\016\116\140\230\230\173\124\150\110}{section.4.3}% 153
\BOOKMARK [1][-]{section.4.4}{\376\377\122\006\210\302\127\337}{chapter.4}% 154
\BOOKMARK [2][-]{subsection.4.4.1}{\376\377\137\025\164\006\000\040\0004\000.\0004\000.\0002}{section.4.4}% 155
\BOOKMARK [2][-]{subsection.4.4.2}{\376\377\133\232\164\006\0004\000.\0004\000.\0002\135\114\121\145\166\204\147\204\220\040}{section.4.4}% 156
\BOOKMARK [2][-]{subsection.4.4.3}{\376\377\143\250\213\272\000\040\0004\000.\0004\000.\0005\124\214\143\250\213\272\000\040\0004\000.\0004\000.\0006\166\204\213\301\146\016}{section.4.4}% 157
\BOOKMARK [2][-]{subsection.4.4.4}{\376\377\137\025\164\006\0004\000.\0004\000.\0001\0001}{section.4.4}% 158
\BOOKMARK [2][-]{subsection.4.4.5}{\376\377\122\006\210\302\127\337\166\204\147\000\134\017\140\047}{section.4.4}% 159
\BOOKMARK [2][-]{subsection.4.4.6}{\376\377\122\006\210\302\127\337\124\014\147\204\166\204\147\204\220\040\166\204\133\214\145\164\213\346\176\306\217\307\172\013}{section.4.4}% 160
\BOOKMARK [2][-]{subsection.4.4.7}{\376\377\000x\000n\000-\000d\166\204\122\006\210\302\127\337}{section.4.4}% 161
\BOOKMARK [2][-]{subsection.4.4.7}{\376\377\213\376\124\016\116\140\230\230\173\124\150\110}{section.4.4}% 162
\BOOKMARK [1][-]{section.4.5}{\376\377\000G\000a\000l\000o\000i\000s\177\244}{chapter.4}% 163
\BOOKMARK [2][-]{subsection.4.5.1}{\376\377\147\011\226\120\000G\000a\000l\000o\000i\000s\142\151\137\040\166\204\000G\000a\000l\000o\000i\000s\177\244\000\040\000G\000a\000l\000\050\000K\000/\000F\000\051\124\014\147\204\116\216\147\320\116\052\133\371\171\360\177\244\000\040\000S\000n\000\040\166\204\133\120\177\244}{section.4.5}% 164
\BOOKMARK [2][-]{subsection.4.5.2}{\376\377\000G\000a\000l\000o\000i\000s\000\040\177\244\000\040\000G\000a\000l\000\050\000K\000/\000F\000\051\124\014\147\204\116\216\147\320\116\052\133\371\171\360\177\244\000\040\000S\000n\000\040\166\204\133\120\177\244}{section.4.5}% 165
\BOOKMARK [2][-]{subsection.4.5.3}{\376\377\000F\000-\127\337\124\014\140\001\166\204\125\057\116\000\140\047}{section.4.5}% 166
\BOOKMARK [2][-]{subsection.4.5.3}{\376\377\213\376\124\016\116\140\230\230\173\124\150\110}{section.4.5}% 167
\BOOKMARK [1][-]{section.4.6}{\376\377\000G\000a\000l\000o\000i\000s\142\151\137\040\116\016\000G\000a\000l\000o\000i\000s\133\371\136\224}{chapter.4}% 168
\BOOKMARK [2][-]{subsection.4.6.1}{\376\377\000G\000a\000l\000o\000i\000s\000\040\177\244\166\204\177\156\143\142\210\150\171\072}{section.4.6}% 169
\BOOKMARK [2][-]{subsection.4.6.1}{\376\377\213\376\124\016\116\140\230\230\173\124\150\110}{section.4.6}% 170
